{"/home/dzakii/Desktop/fsjs/fase2/week1/gc01-dzakii8/app.js": {"path":"/home/dzakii/Desktop/fsjs/fase2/week1/gc01-dzakii8/app.js","statementMap":{"0":{"start":{"line":1,"column":0},"end":{"line":3,"column":1}},"1":{"start":{"line":2,"column":1},"end":{"line":2,"column":28}},"2":{"start":{"line":4,"column":16},"end":{"line":4,"column":34}},"3":{"start":{"line":5,"column":15},"end":{"line":5,"column":35}},"4":{"start":{"line":6,"column":21},"end":{"line":6,"column":46}},"5":{"start":{"line":7,"column":12},"end":{"line":7,"column":21}},"6":{"start":{"line":11,"column":0},"end":{"line":11,"column":45}},"7":{"start":{"line":12,"column":0},"end":{"line":12,"column":23}},"8":{"start":{"line":14,"column":0},"end":{"line":14,"column":15}},"9":{"start":{"line":16,"column":0},"end":{"line":16,"column":21}},"10":{"start":{"line":19,"column":0},"end":{"line":19,"column":20}}},"fnMap":{},"branchMap":{"0":{"loc":{"start":{"line":1,"column":0},"end":{"line":3,"column":1}},"type":"if","locations":[{"start":{"line":1,"column":0},"end":{"line":3,"column":1}},{"start":{},"end":{}}],"line":1}},"s":{"0":11,"1":11,"2":11,"3":11,"4":11,"5":11,"6":11,"7":11,"8":11,"9":11,"10":11},"f":{},"b":{"0":[11,0]},"_coverageSchema":"1a1c01bbd47fc00a2c39e90264f33305004495a9","hash":"c4d980535321928af9a2aa9925cc560269aab69a"}
,"/home/dzakii/Desktop/fsjs/fase2/week1/gc01-dzakii8/bcrypt.js": {"path":"/home/dzakii/Desktop/fsjs/fase2/week1/gc01-dzakii8/bcrypt.js","statementMap":{"0":{"start":{"line":1,"column":15},"end":{"line":1,"column":32}},"1":{"start":{"line":2,"column":19},"end":{"line":2,"column":20}},"2":{"start":{"line":3,"column":13},"end":{"line":3,"column":43}},"3":{"start":{"line":6,"column":4},"end":{"line":6,"column":43}},"4":{"start":{"line":9,"column":4},"end":{"line":9,"column":45}},"5":{"start":{"line":12,"column":0},"end":{"line":15,"column":1}}},"fnMap":{"0":{"name":"hashPassword","decl":{"start":{"line":5,"column":9},"end":{"line":5,"column":21}},"loc":{"start":{"line":5,"column":32},"end":{"line":7,"column":1}},"line":5},"1":{"name":"comparePassword","decl":{"start":{"line":8,"column":9},"end":{"line":8,"column":24}},"loc":{"start":{"line":8,"column":41},"end":{"line":10,"column":1}},"line":8}},"branchMap":{},"s":{"0":11,"1":11,"2":11,"3":0,"4":2,"5":11},"f":{"0":0,"1":2},"b":{},"_coverageSchema":"1a1c01bbd47fc00a2c39e90264f33305004495a9","hash":"c4d0aca146bc1a72c426a05e3fd3e1a8b6d63b67"}
,"/home/dzakii/Desktop/fsjs/fase2/week1/gc01-dzakii8/errorHandler.js": {"path":"/home/dzakii/Desktop/fsjs/fase2/week1/gc01-dzakii8/errorHandler.js","statementMap":{"0":{"start":{"line":1,"column":0},"end":{"line":33,"column":1}},"1":{"start":{"line":2,"column":17},"end":{"line":2,"column":36}},"2":{"start":{"line":3,"column":18},"end":{"line":3,"column":58}},"3":{"start":{"line":6,"column":4},"end":{"line":28,"column":5}},"4":{"start":{"line":9,"column":12},"end":{"line":9,"column":24}},"5":{"start":{"line":10,"column":12},"end":{"line":10,"column":45}},"6":{"start":{"line":11,"column":12},"end":{"line":11,"column":18}},"7":{"start":{"line":14,"column":12},"end":{"line":14,"column":24}},"8":{"start":{"line":15,"column":12},"end":{"line":15,"column":46}},"9":{"start":{"line":16,"column":12},"end":{"line":16,"column":18}},"10":{"start":{"line":18,"column":12},"end":{"line":18,"column":24}},"11":{"start":{"line":19,"column":12},"end":{"line":19,"column":41}},"12":{"start":{"line":20,"column":12},"end":{"line":20,"column":18}},"13":{"start":{"line":22,"column":12},"end":{"line":22,"column":24}},"14":{"start":{"line":23,"column":12},"end":{"line":23,"column":46}},"15":{"start":{"line":24,"column":12},"end":{"line":24,"column":18}},"16":{"start":{"line":27,"column":12},"end":{"line":27,"column":18}},"17":{"start":{"line":30,"column":4},"end":{"line":32,"column":6}}},"fnMap":{"0":{"name":"errorHandler","decl":{"start":{"line":1,"column":26},"end":{"line":1,"column":38}},"loc":{"start":{"line":1,"column":59},"end":{"line":33,"column":1}},"line":1}},"branchMap":{"0":{"loc":{"start":{"line":2,"column":17},"end":{"line":2,"column":36}},"type":"binary-expr","locations":[{"start":{"line":2,"column":17},"end":{"line":2,"column":29}},{"start":{"line":2,"column":33},"end":{"line":2,"column":36}}],"line":2},"1":{"loc":{"start":{"line":3,"column":18},"end":{"line":3,"column":58}},"type":"binary-expr","locations":[{"start":{"line":3,"column":18},"end":{"line":3,"column":31}},{"start":{"line":3,"column":35},"end":{"line":3,"column":58}}],"line":3},"2":{"loc":{"start":{"line":6,"column":4},"end":{"line":28,"column":5}},"type":"switch","locations":[{"start":{"line":7,"column":8},"end":{"line":7,"column":40}},{"start":{"line":8,"column":8},"end":{"line":11,"column":18}},{"start":{"line":12,"column":8},"end":{"line":12,"column":33}},{"start":{"line":13,"column":8},"end":{"line":16,"column":18}},{"start":{"line":17,"column":8},"end":{"line":20,"column":18}},{"start":{"line":21,"column":8},"end":{"line":24,"column":18}},{"start":{"line":26,"column":8},"end":{"line":27,"column":18}}],"line":6}},"s":{"0":11,"1":38,"2":38,"3":38,"4":9,"5":9,"6":9,"7":16,"8":16,"9":16,"10":6,"11":6,"12":6,"13":3,"14":3,"15":3,"16":4,"17":38},"f":{"0":38},"b":{"0":[38,34],"1":[38,18],"2":[8,9,7,16,6,3,4]},"_coverageSchema":"1a1c01bbd47fc00a2c39e90264f33305004495a9","hash":"c90aae177e19dcb7acab733cc7f17f9df5858e28"}
,"/home/dzakii/Desktop/fsjs/fase2/week1/gc01-dzakii8/jwt.js": {"path":"/home/dzakii/Desktop/fsjs/fase2/week1/gc01-dzakii8/jwt.js","statementMap":{"0":{"start":{"line":1,"column":10},"end":{"line":1,"column":33}},"1":{"start":{"line":4,"column":4},"end":{"line":4,"column":53}},"2":{"start":{"line":8,"column":4},"end":{"line":8,"column":53}},"3":{"start":{"line":11,"column":0},"end":{"line":14,"column":1}}},"fnMap":{"0":{"name":"signToken","decl":{"start":{"line":3,"column":9},"end":{"line":3,"column":18}},"loc":{"start":{"line":3,"column":28},"end":{"line":5,"column":1}},"line":3},"1":{"name":"verifyToken","decl":{"start":{"line":7,"column":9},"end":{"line":7,"column":20}},"loc":{"start":{"line":7,"column":28},"end":{"line":9,"column":1}},"line":7}},"branchMap":{},"s":{"0":11,"1":15,"2":33,"3":11},"f":{"0":15,"1":33},"b":{},"_coverageSchema":"1a1c01bbd47fc00a2c39e90264f33305004495a9","hash":"c98e9e3c9d2da2c12810b6bb3ae4ec93e2822bb4"}
,"/home/dzakii/Desktop/fsjs/fase2/week1/gc01-dzakii8/controllers/lodgingController.js": {"path":"/home/dzakii/Desktop/fsjs/fase2/week1/gc01-dzakii8/controllers/lodgingController.js","statementMap":{"0":{"start":{"line":1,"column":43},"end":{"line":1,"column":63}},"1":{"start":{"line":2,"column":15},"end":{"line":2,"column":35}},"2":{"start":{"line":3,"column":27},"end":{"line":3,"column":48}},"3":{"start":{"line":6,"column":0},"end":{"line":10,"column":3}},"4":{"start":{"line":13,"column":0},"end":{"line":191,"column":1}},"5":{"start":{"line":15,"column":8},"end":{"line":25,"column":9}},"6":{"start":{"line":16,"column":12},"end":{"line":16,"column":36}},"7":{"start":{"line":17,"column":12},"end":{"line":17,"column":43}},"8":{"start":{"line":19,"column":23},"end":{"line":19,"column":53}},"9":{"start":{"line":20,"column":12},"end":{"line":22,"column":27}},"10":{"start":{"line":24,"column":12},"end":{"line":24,"column":23}},"11":{"start":{"line":28,"column":47},"end":{"line":28,"column":56}},"12":{"start":{"line":29,"column":30},"end":{"line":29,"column":32}},"13":{"start":{"line":34,"column":8},"end":{"line":41,"column":9}},"14":{"start":{"line":35,"column":12},"end":{"line":37,"column":14}},"15":{"start":{"line":38,"column":15},"end":{"line":41,"column":9}},"16":{"start":{"line":39,"column":12},"end":{"line":40,"column":45}},"17":{"start":{"line":46,"column":8},"end":{"line":59,"column":9}},"18":{"start":{"line":47,"column":26},"end":{"line":49,"column":15}},"19":{"start":{"line":47,"column":64},"end":{"line":49,"column":13}},"20":{"start":{"line":50,"column":12},"end":{"line":58,"column":13}},"21":{"start":{"line":51,"column":16},"end":{"line":53,"column":18}},"22":{"start":{"line":55,"column":16},"end":{"line":57,"column":17}},"23":{"start":{"line":63,"column":8},"end":{"line":71,"column":9}},"24":{"start":{"line":65,"column":12},"end":{"line":69,"column":13}},"25":{"start":{"line":66,"column":16},"end":{"line":66,"column":40}},"26":{"start":{"line":68,"column":16},"end":{"line":68,"column":58}},"27":{"start":{"line":70,"column":12},"end":{"line":70,"column":40}},"28":{"start":{"line":74,"column":8},"end":{"line":89,"column":9}},"29":{"start":{"line":75,"column":12},"end":{"line":78,"column":13}},"30":{"start":{"line":76,"column":16},"end":{"line":76,"column":34}},"31":{"start":{"line":77,"column":16},"end":{"line":77,"column":44}},"32":{"start":{"line":80,"column":12},"end":{"line":83,"column":13}},"33":{"start":{"line":81,"column":16},"end":{"line":81,"column":53}},"34":{"start":{"line":82,"column":16},"end":{"line":82,"column":46}},"35":{"start":{"line":85,"column":12},"end":{"line":85,"column":23}},"36":{"start":{"line":86,"column":12},"end":{"line":86,"column":23}},"37":{"start":{"line":87,"column":12},"end":{"line":87,"column":40}},"38":{"start":{"line":88,"column":12},"end":{"line":88,"column":42}},"39":{"start":{"line":91,"column":8},"end":{"line":97,"column":10}},"40":{"start":{"line":99,"column":8},"end":{"line":107,"column":9}},"41":{"start":{"line":100,"column":25},"end":{"line":100,"column":61}},"42":{"start":{"line":101,"column":12},"end":{"line":103,"column":13}},"43":{"start":{"line":102,"column":16},"end":{"line":102,"column":42}},"44":{"start":{"line":104,"column":12},"end":{"line":104,"column":39}},"45":{"start":{"line":106,"column":12},"end":{"line":106,"column":24}},"46":{"start":{"line":110,"column":8},"end":{"line":121,"column":9}},"47":{"start":{"line":111,"column":25},"end":{"line":111,"column":35}},"48":{"start":{"line":112,"column":23},"end":{"line":112,"column":49}},"49":{"start":{"line":113,"column":12},"end":{"line":115,"column":13}},"50":{"start":{"line":114,"column":16},"end":{"line":114,"column":42}},"51":{"start":{"line":116,"column":12},"end":{"line":118,"column":27}},"52":{"start":{"line":120,"column":12},"end":{"line":120,"column":23}},"53":{"start":{"line":124,"column":8},"end":{"line":141,"column":9}},"54":{"start":{"line":125,"column":25},"end":{"line":125,"column":35}},"55":{"start":{"line":126,"column":12},"end":{"line":126,"column":36}},"56":{"start":{"line":127,"column":12},"end":{"line":127,"column":43}},"57":{"start":{"line":128,"column":23},"end":{"line":130,"column":14}},"58":{"start":{"line":131,"column":12},"end":{"line":133,"column":13}},"59":{"start":{"line":132,"column":16},"end":{"line":132,"column":42}},"60":{"start":{"line":134,"column":29},"end":{"line":134,"column":55}},"61":{"start":{"line":136,"column":12},"end":{"line":138,"column":33}},"62":{"start":{"line":140,"column":12},"end":{"line":140,"column":23}},"63":{"start":{"line":144,"column":8},"end":{"line":165,"column":9}},"64":{"start":{"line":145,"column":12},"end":{"line":158,"column":13}},"65":{"start":{"line":146,"column":31},"end":{"line":146,"column":78}},"66":{"start":{"line":147,"column":32},"end":{"line":147,"column":76}},"67":{"start":{"line":149,"column":31},"end":{"line":149,"column":72}},"68":{"start":{"line":151,"column":16},"end":{"line":153,"column":18}},"69":{"start":{"line":155,"column":16},"end":{"line":157,"column":18}},"70":{"start":{"line":159,"column":23},"end":{"line":159,"column":60}},"71":{"start":{"line":160,"column":12},"end":{"line":162,"column":34}},"72":{"start":{"line":164,"column":12},"end":{"line":164,"column":23}},"73":{"start":{"line":168,"column":8},"end":{"line":186,"column":9}},"74":{"start":{"line":169,"column":25},"end":{"line":169,"column":35}},"75":{"start":{"line":171,"column":23},"end":{"line":171,"column":49}},"76":{"start":{"line":173,"column":23},"end":{"line":175,"column":14}},"77":{"start":{"line":176,"column":12},"end":{"line":178,"column":13}},"78":{"start":{"line":177,"column":16},"end":{"line":177,"column":42}},"79":{"start":{"line":179,"column":12},"end":{"line":183,"column":18}},"80":{"start":{"line":185,"column":12},"end":{"line":185,"column":23}}},"fnMap":{"0":{"name":"(anonymous_0)","decl":{"start":{"line":14,"column":4},"end":{"line":14,"column":5}},"loc":{"start":{"line":14,"column":45},"end":{"line":26,"column":5}},"line":14},"1":{"name":"(anonymous_1)","decl":{"start":{"line":27,"column":4},"end":{"line":27,"column":5}},"loc":{"start":{"line":27,"column":50},"end":{"line":108,"column":5}},"line":27},"2":{"name":"(anonymous_2)","decl":{"start":{"line":47,"column":53},"end":{"line":47,"column":54}},"loc":{"start":{"line":47,"column":64},"end":{"line":49,"column":13}},"line":47},"3":{"name":"(anonymous_3)","decl":{"start":{"line":109,"column":4},"end":{"line":109,"column":5}},"loc":{"start":{"line":109,"column":44},"end":{"line":122,"column":5}},"line":109},"4":{"name":"(anonymous_4)","decl":{"start":{"line":123,"column":4},"end":{"line":123,"column":5}},"loc":{"start":{"line":123,"column":41},"end":{"line":142,"column":5}},"line":123},"5":{"name":"(anonymous_5)","decl":{"start":{"line":143,"column":4},"end":{"line":143,"column":5}},"loc":{"start":{"line":143,"column":43},"end":{"line":166,"column":5}},"line":143},"6":{"name":"(anonymous_6)","decl":{"start":{"line":167,"column":4},"end":{"line":167,"column":5}},"loc":{"start":{"line":167,"column":44},"end":{"line":187,"column":5}},"line":167}},"branchMap":{"0":{"loc":{"start":{"line":34,"column":8},"end":{"line":41,"column":9}},"type":"if","locations":[{"start":{"line":34,"column":8},"end":{"line":41,"column":9}},{"start":{"line":38,"column":15},"end":{"line":41,"column":9}}],"line":34},"1":{"loc":{"start":{"line":34,"column":12},"end":{"line":34,"column":82}},"type":"binary-expr","locations":[{"start":{"line":34,"column":12},"end":{"line":34,"column":25}},{"start":{"line":34,"column":29},"end":{"line":34,"column":58}},{"start":{"line":34,"column":62},"end":{"line":34,"column":82}}],"line":34},"2":{"loc":{"start":{"line":38,"column":15},"end":{"line":41,"column":9}},"type":"if","locations":[{"start":{"line":38,"column":15},"end":{"line":41,"column":9}},{"start":{},"end":{}}],"line":38},"3":{"loc":{"start":{"line":38,"column":19},"end":{"line":38,"column":88}},"type":"binary-expr","locations":[{"start":{"line":38,"column":19},"end":{"line":38,"column":32}},{"start":{"line":38,"column":36},"end":{"line":38,"column":65}},{"start":{"line":38,"column":69},"end":{"line":38,"column":88}}],"line":38},"4":{"loc":{"start":{"line":46,"column":8},"end":{"line":59,"column":9}},"type":"if","locations":[{"start":{"line":46,"column":8},"end":{"line":59,"column":9}},{"start":{},"end":{}}],"line":46},"5":{"loc":{"start":{"line":46,"column":12},"end":{"line":46,"column":58}},"type":"binary-expr","locations":[{"start":{"line":46,"column":12},"end":{"line":46,"column":25}},{"start":{"line":46,"column":29},"end":{"line":46,"column":58}}],"line":46},"6":{"loc":{"start":{"line":50,"column":12},"end":{"line":58,"column":13}},"type":"if","locations":[{"start":{"line":50,"column":12},"end":{"line":58,"column":13}},{"start":{"line":54,"column":19},"end":{"line":58,"column":13}}],"line":50},"7":{"loc":{"start":{"line":63,"column":8},"end":{"line":71,"column":9}},"type":"if","locations":[{"start":{"line":63,"column":8},"end":{"line":71,"column":9}},{"start":{},"end":{}}],"line":63},"8":{"loc":{"start":{"line":63,"column":12},"end":{"line":63,"column":54}},"type":"binary-expr","locations":[{"start":{"line":63,"column":12},"end":{"line":63,"column":23}},{"start":{"line":63,"column":27},"end":{"line":63,"column":54}}],"line":63},"9":{"loc":{"start":{"line":65,"column":12},"end":{"line":69,"column":13}},"type":"if","locations":[{"start":{"line":65,"column":12},"end":{"line":69,"column":13}},{"start":{"line":67,"column":19},"end":{"line":69,"column":13}}],"line":65},"10":{"loc":{"start":{"line":74,"column":8},"end":{"line":89,"column":9}},"type":"if","locations":[{"start":{"line":74,"column":8},"end":{"line":89,"column":9}},{"start":{"line":84,"column":15},"end":{"line":89,"column":9}}],"line":74},"11":{"loc":{"start":{"line":74,"column":12},"end":{"line":74,"column":54}},"type":"binary-expr","locations":[{"start":{"line":74,"column":12},"end":{"line":74,"column":23}},{"start":{"line":74,"column":27},"end":{"line":74,"column":54}}],"line":74},"12":{"loc":{"start":{"line":75,"column":12},"end":{"line":78,"column":13}},"type":"if","locations":[{"start":{"line":75,"column":12},"end":{"line":78,"column":13}},{"start":{},"end":{}}],"line":75},"13":{"loc":{"start":{"line":75,"column":16},"end":{"line":75,"column":68}},"type":"binary-expr","locations":[{"start":{"line":75,"column":16},"end":{"line":75,"column":32}},{"start":{"line":75,"column":36},"end":{"line":75,"column":68}}],"line":75},"14":{"loc":{"start":{"line":80,"column":12},"end":{"line":83,"column":13}},"type":"if","locations":[{"start":{"line":80,"column":12},"end":{"line":83,"column":13}},{"start":{},"end":{}}],"line":80},"15":{"loc":{"start":{"line":80,"column":16},"end":{"line":80,"column":72}},"type":"binary-expr","locations":[{"start":{"line":80,"column":16},"end":{"line":80,"column":34}},{"start":{"line":80,"column":38},"end":{"line":80,"column":72}}],"line":80},"16":{"loc":{"start":{"line":101,"column":12},"end":{"line":103,"column":13}},"type":"if","locations":[{"start":{"line":101,"column":12},"end":{"line":103,"column":13}},{"start":{},"end":{}}],"line":101},"17":{"loc":{"start":{"line":113,"column":12},"end":{"line":115,"column":13}},"type":"if","locations":[{"start":{"line":113,"column":12},"end":{"line":115,"column":13}},{"start":{},"end":{}}],"line":113},"18":{"loc":{"start":{"line":131,"column":12},"end":{"line":133,"column":13}},"type":"if","locations":[{"start":{"line":131,"column":12},"end":{"line":133,"column":13}},{"start":{},"end":{}}],"line":131},"19":{"loc":{"start":{"line":145,"column":12},"end":{"line":158,"column":13}},"type":"if","locations":[{"start":{"line":145,"column":12},"end":{"line":158,"column":13}},{"start":{"line":154,"column":19},"end":{"line":158,"column":13}}],"line":145},"20":{"loc":{"start":{"line":176,"column":12},"end":{"line":178,"column":13}},"type":"if","locations":[{"start":{"line":176,"column":12},"end":{"line":178,"column":13}},{"start":{},"end":{}}],"line":176}},"s":{"0":11,"1":11,"2":11,"3":11,"4":11,"5":2,"6":2,"7":2,"8":2,"9":1,"10":1,"11":4,"12":4,"13":4,"14":0,"15":4,"16":0,"17":4,"18":1,"19":1,"20":1,"21":1,"22":0,"23":4,"24":0,"25":0,"26":0,"27":0,"28":4,"29":1,"30":1,"31":1,"32":1,"33":1,"34":1,"35":3,"36":3,"37":3,"38":3,"39":4,"40":4,"41":4,"42":4,"43":0,"44":4,"45":0,"46":2,"47":2,"48":2,"49":2,"50":0,"51":2,"52":0,"53":4,"54":4,"55":4,"56":4,"57":4,"58":2,"59":0,"60":2,"61":2,"62":2,"63":0,"64":0,"65":0,"66":0,"67":0,"68":0,"69":0,"70":0,"71":0,"72":0,"73":1,"74":1,"75":1,"76":1,"77":1,"78":0,"79":1,"80":0},"f":{"0":2,"1":4,"2":1,"3":2,"4":4,"5":0,"6":1},"b":{"0":[0,4],"1":[4,4,0],"2":[0,4],"3":[4,4,0],"4":[1,3],"5":[4,4],"6":[1,0],"7":[0,4],"8":[4,4],"9":[0,0],"10":[1,3],"11":[4,4],"12":[1,0],"13":[1,1],"14":[1,0],"15":[1,1],"16":[0,4],"17":[0,2],"18":[0,2],"19":[0,0],"20":[0,1]},"_coverageSchema":"1a1c01bbd47fc00a2c39e90264f33305004495a9","hash":"af06e1870917faa037167e56e8c592c9354bfd03"}
,"/home/dzakii/Desktop/fsjs/fase2/week1/gc01-dzakii8/controllers/typeController.js": {"path":"/home/dzakii/Desktop/fsjs/fase2/week1/gc01-dzakii8/controllers/typeController.js","statementMap":{"0":{"start":{"line":1,"column":15},"end":{"line":1,"column":35}},"1":{"start":{"line":3,"column":0},"end":{"line":43,"column":1}},"2":{"start":{"line":5,"column":8},"end":{"line":13,"column":9}},"3":{"start":{"line":6,"column":23},"end":{"line":6,"column":43}},"4":{"start":{"line":8,"column":12},"end":{"line":10,"column":23}},"5":{"start":{"line":12,"column":12},"end":{"line":12,"column":23}},"6":{"start":{"line":16,"column":8},"end":{"line":23,"column":9}},"7":{"start":{"line":17,"column":23},"end":{"line":17,"column":50}},"8":{"start":{"line":18,"column":12},"end":{"line":20,"column":23}},"9":{"start":{"line":22,"column":12},"end":{"line":22,"column":23}},"10":{"start":{"line":26,"column":8},"end":{"line":41,"column":9}},"11":{"start":{"line":27,"column":23},"end":{"line":27,"column":33}},"12":{"start":{"line":28,"column":23},"end":{"line":30,"column":14}},"13":{"start":{"line":31,"column":12},"end":{"line":33,"column":13}},"14":{"start":{"line":32,"column":16},"end":{"line":32,"column":41}},"15":{"start":{"line":34,"column":29},"end":{"line":34,"column":52}},"16":{"start":{"line":36,"column":12},"end":{"line":38,"column":29}},"17":{"start":{"line":40,"column":12},"end":{"line":40,"column":23}}},"fnMap":{"0":{"name":"(anonymous_0)","decl":{"start":{"line":4,"column":4},"end":{"line":4,"column":5}},"loc":{"start":{"line":4,"column":37},"end":{"line":14,"column":5}},"line":4},"1":{"name":"(anonymous_1)","decl":{"start":{"line":15,"column":4},"end":{"line":15,"column":5}},"loc":{"start":{"line":15,"column":39},"end":{"line":24,"column":5}},"line":15},"2":{"name":"(anonymous_2)","decl":{"start":{"line":25,"column":4},"end":{"line":25,"column":5}},"loc":{"start":{"line":25,"column":38},"end":{"line":42,"column":5}},"line":25}},"branchMap":{"0":{"loc":{"start":{"line":31,"column":12},"end":{"line":33,"column":13}},"type":"if","locations":[{"start":{"line":31,"column":12},"end":{"line":33,"column":13}},{"start":{},"end":{}}],"line":31}},"s":{"0":11,"1":11,"2":1,"3":1,"4":1,"5":0,"6":0,"7":0,"8":0,"9":0,"10":0,"11":0,"12":0,"13":0,"14":0,"15":0,"16":0,"17":0},"f":{"0":1,"1":0,"2":0},"b":{"0":[0,0]},"_coverageSchema":"1a1c01bbd47fc00a2c39e90264f33305004495a9","hash":"3127a9c10a615ad2f0c4ea8fa514c9ca16acbecf"}
,"/home/dzakii/Desktop/fsjs/fase2/week1/gc01-dzakii8/controllers/userController.js": {"path":"/home/dzakii/Desktop/fsjs/fase2/week1/gc01-dzakii8/controllers/userController.js","statementMap":{"0":{"start":{"line":1,"column":15},"end":{"line":1,"column":35}},"1":{"start":{"line":2,"column":26},"end":{"line":2,"column":46}},"2":{"start":{"line":3,"column":22},"end":{"line":3,"column":39}},"3":{"start":{"line":5,"column":0},"end":{"line":58,"column":1}},"4":{"start":{"line":8,"column":8},"end":{"line":15,"column":9}},"5":{"start":{"line":9,"column":23},"end":{"line":9,"column":50}},"6":{"start":{"line":10,"column":12},"end":{"line":12,"column":123}},"7":{"start":{"line":14,"column":12},"end":{"line":14,"column":23}},"8":{"start":{"line":19,"column":8},"end":{"line":56,"column":9}},"9":{"start":{"line":20,"column":38},"end":{"line":20,"column":46}},"10":{"start":{"line":21,"column":12},"end":{"line":27,"column":13}},"11":{"start":{"line":22,"column":16},"end":{"line":26,"column":17}},"12":{"start":{"line":28,"column":25},"end":{"line":32,"column":14}},"13":{"start":{"line":34,"column":12},"end":{"line":40,"column":13}},"14":{"start":{"line":35,"column":16},"end":{"line":39,"column":17}},"15":{"start":{"line":42,"column":36},"end":{"line":42,"column":76}},"16":{"start":{"line":43,"column":12},"end":{"line":49,"column":13}},"17":{"start":{"line":44,"column":16},"end":{"line":48,"column":17}},"18":{"start":{"line":50,"column":33},"end":{"line":50,"column":58}},"19":{"start":{"line":51,"column":12},"end":{"line":53,"column":33}},"20":{"start":{"line":55,"column":12},"end":{"line":55,"column":23}}},"fnMap":{"0":{"name":"(anonymous_0)","decl":{"start":{"line":7,"column":4},"end":{"line":7,"column":5}},"loc":{"start":{"line":7,"column":40},"end":{"line":16,"column":5}},"line":7},"1":{"name":"(anonymous_1)","decl":{"start":{"line":18,"column":4},"end":{"line":18,"column":5}},"loc":{"start":{"line":18,"column":37},"end":{"line":57,"column":5}},"line":18}},"branchMap":{"0":{"loc":{"start":{"line":21,"column":12},"end":{"line":27,"column":13}},"type":"if","locations":[{"start":{"line":21,"column":12},"end":{"line":27,"column":13}},{"start":{},"end":{}}],"line":21},"1":{"loc":{"start":{"line":21,"column":16},"end":{"line":21,"column":35}},"type":"binary-expr","locations":[{"start":{"line":21,"column":16},"end":{"line":21,"column":22}},{"start":{"line":21,"column":26},"end":{"line":21,"column":35}}],"line":21},"2":{"loc":{"start":{"line":34,"column":12},"end":{"line":40,"column":13}},"type":"if","locations":[{"start":{"line":34,"column":12},"end":{"line":40,"column":13}},{"start":{},"end":{}}],"line":34},"3":{"loc":{"start":{"line":43,"column":12},"end":{"line":49,"column":13}},"type":"if","locations":[{"start":{"line":43,"column":12},"end":{"line":49,"column":13}},{"start":{},"end":{}}],"line":43}},"s":{"0":11,"1":11,"2":11,"3":11,"4":7,"5":7,"6":1,"7":6,"8":5,"9":5,"10":5,"11":2,"12":3,"13":3,"14":1,"15":2,"16":2,"17":1,"18":1,"19":1,"20":4},"f":{"0":7,"1":5},"b":{"0":[2,3],"1":[5,4],"2":[1,2],"3":[1,1]},"_coverageSchema":"1a1c01bbd47fc00a2c39e90264f33305004495a9","hash":"d4dd5d4fc62a3c530e4d67096dfd0294127226b3"}
,"/home/dzakii/Desktop/fsjs/fase2/week1/gc01-dzakii8/midlewares/authentication.js": {"path":"/home/dzakii/Desktop/fsjs/fase2/week1/gc01-dzakii8/midlewares/authentication.js","statementMap":{"0":{"start":{"line":1,"column":24},"end":{"line":1,"column":41}},"1":{"start":{"line":2,"column":17},"end":{"line":2,"column":37}},"2":{"start":{"line":5,"column":4},"end":{"line":32,"column":5}},"3":{"start":{"line":6,"column":20},"end":{"line":6,"column":45}},"4":{"start":{"line":8,"column":8},"end":{"line":10,"column":9}},"5":{"start":{"line":9,"column":12},"end":{"line":9,"column":42}},"6":{"start":{"line":11,"column":8},"end":{"line":13,"column":9}},"7":{"start":{"line":12,"column":12},"end":{"line":12,"column":42}},"8":{"start":{"line":14,"column":8},"end":{"line":14,"column":30}},"9":{"start":{"line":15,"column":22},"end":{"line":15,"column":40}},"10":{"start":{"line":16,"column":8},"end":{"line":18,"column":9}},"11":{"start":{"line":17,"column":12},"end":{"line":17,"column":42}},"12":{"start":{"line":20,"column":19},"end":{"line":20,"column":50}},"13":{"start":{"line":21,"column":8},"end":{"line":23,"column":9}},"14":{"start":{"line":22,"column":12},"end":{"line":22,"column":42}},"15":{"start":{"line":24,"column":8},"end":{"line":27,"column":9}},"16":{"start":{"line":28,"column":8},"end":{"line":28,"column":14}},"17":{"start":{"line":31,"column":8},"end":{"line":31,"column":19}},"18":{"start":{"line":34,"column":0},"end":{"line":34,"column":31}}},"fnMap":{"0":{"name":"authentication","decl":{"start":{"line":4,"column":15},"end":{"line":4,"column":29}},"loc":{"start":{"line":4,"column":45},"end":{"line":33,"column":1}},"line":4}},"branchMap":{"0":{"loc":{"start":{"line":8,"column":8},"end":{"line":10,"column":9}},"type":"if","locations":[{"start":{"line":8,"column":8},"end":{"line":10,"column":9}},{"start":{},"end":{}}],"line":8},"1":{"loc":{"start":{"line":11,"column":8},"end":{"line":13,"column":9}},"type":"if","locations":[{"start":{"line":11,"column":8},"end":{"line":13,"column":9}},{"start":{},"end":{}}],"line":11},"2":{"loc":{"start":{"line":16,"column":8},"end":{"line":18,"column":9}},"type":"if","locations":[{"start":{"line":16,"column":8},"end":{"line":18,"column":9}},{"start":{},"end":{}}],"line":16},"3":{"loc":{"start":{"line":21,"column":8},"end":{"line":23,"column":9}},"type":"if","locations":[{"start":{"line":21,"column":8},"end":{"line":23,"column":9}},{"start":{},"end":{}}],"line":21}},"s":{"0":11,"1":11,"2":42,"3":42,"4":42,"5":8,"6":34,"7":1,"8":33,"9":33,"10":26,"11":0,"12":26,"13":26,"14":0,"15":26,"16":26,"17":16,"18":11},"f":{"0":42},"b":{"0":[8,34],"1":[1,33],"2":[0,26],"3":[0,26]},"_coverageSchema":"1a1c01bbd47fc00a2c39e90264f33305004495a9","hash":"8193885bb7e27c5425019915573db755ad2e826e"}
,"/home/dzakii/Desktop/fsjs/fase2/week1/gc01-dzakii8/midlewares/authorization.js": {"path":"/home/dzakii/Desktop/fsjs/fase2/week1/gc01-dzakii8/midlewares/authorization.js","statementMap":{"0":{"start":{"line":1,"column":24},"end":{"line":1,"column":41}},"1":{"start":{"line":2,"column":26},"end":{"line":2,"column":46}},"2":{"start":{"line":5,"column":4},"end":{"line":22,"column":5}},"3":{"start":{"line":7,"column":19},"end":{"line":7,"column":56}},"4":{"start":{"line":8,"column":8},"end":{"line":10,"column":9}},"5":{"start":{"line":9,"column":12},"end":{"line":9,"column":37}},"6":{"start":{"line":11,"column":8},"end":{"line":13,"column":9}},"7":{"start":{"line":12,"column":12},"end":{"line":12,"column":25}},"8":{"start":{"line":14,"column":19},"end":{"line":14,"column":27}},"9":{"start":{"line":15,"column":8},"end":{"line":17,"column":9}},"10":{"start":{"line":16,"column":12},"end":{"line":16,"column":38}},"11":{"start":{"line":18,"column":8},"end":{"line":18,"column":14}},"12":{"start":{"line":21,"column":8},"end":{"line":21,"column":19}},"13":{"start":{"line":25,"column":4},"end":{"line":33,"column":5}},"14":{"start":{"line":26,"column":8},"end":{"line":30,"column":9}},"15":{"start":{"line":27,"column":12},"end":{"line":27,"column":25}},"16":{"start":{"line":29,"column":12},"end":{"line":29,"column":38}},"17":{"start":{"line":32,"column":8},"end":{"line":32,"column":19}},"18":{"start":{"line":35,"column":0},"end":{"line":35,"column":52}}},"fnMap":{"0":{"name":"authorization","decl":{"start":{"line":4,"column":15},"end":{"line":4,"column":28}},"loc":{"start":{"line":4,"column":44},"end":{"line":23,"column":1}},"line":4},"1":{"name":"authorizationRegis","decl":{"start":{"line":24,"column":15},"end":{"line":24,"column":33}},"loc":{"start":{"line":24,"column":49},"end":{"line":34,"column":1}},"line":24}},"branchMap":{"0":{"loc":{"start":{"line":8,"column":8},"end":{"line":10,"column":9}},"type":"if","locations":[{"start":{"line":8,"column":8},"end":{"line":10,"column":9}},{"start":{},"end":{}}],"line":8},"1":{"loc":{"start":{"line":11,"column":8},"end":{"line":13,"column":9}},"type":"if","locations":[{"start":{"line":11,"column":8},"end":{"line":13,"column":9}},{"start":{},"end":{}}],"line":11},"2":{"loc":{"start":{"line":15,"column":8},"end":{"line":17,"column":9}},"type":"if","locations":[{"start":{"line":15,"column":8},"end":{"line":17,"column":9}},{"start":{},"end":{}}],"line":15},"3":{"loc":{"start":{"line":26,"column":8},"end":{"line":30,"column":9}},"type":"if","locations":[{"start":{"line":26,"column":8},"end":{"line":30,"column":9}},{"start":{"line":28,"column":15},"end":{"line":30,"column":9}}],"line":26}},"s":{"0":11,"1":11,"2":14,"3":14,"4":14,"5":6,"6":8,"7":5,"8":3,"9":3,"10":3,"11":0,"12":9,"13":8,"14":8,"15":8,"16":0,"17":0,"18":11},"f":{"0":14,"1":8},"b":{"0":[6,8],"1":[5,3],"2":[3,0],"3":[8,0]},"_coverageSchema":"1a1c01bbd47fc00a2c39e90264f33305004495a9","hash":"f7b14c51fdfd7d3bb60cbd9289c80a70e7651296"}
,"/home/dzakii/Desktop/fsjs/fase2/week1/gc01-dzakii8/models/index.js": {"path":"/home/dzakii/Desktop/fsjs/fase2/week1/gc01-dzakii8/models/index.js","statementMap":{"0":{"start":{"line":3,"column":11},"end":{"line":3,"column":24}},"1":{"start":{"line":4,"column":13},"end":{"line":4,"column":28}},"2":{"start":{"line":5,"column":18},"end":{"line":5,"column":38}},"3":{"start":{"line":6,"column":16},"end":{"line":6,"column":34}},"4":{"start":{"line":7,"column":17},"end":{"line":7,"column":42}},"5":{"start":{"line":8,"column":12},"end":{"line":8,"column":49}},"6":{"start":{"line":9,"column":15},"end":{"line":9,"column":65}},"7":{"start":{"line":10,"column":11},"end":{"line":10,"column":13}},"8":{"start":{"line":13,"column":0},"end":{"line":17,"column":1}},"9":{"start":{"line":14,"column":2},"end":{"line":14,"column":74}},"10":{"start":{"line":16,"column":2},"end":{"line":16,"column":87}},"11":{"start":{"line":19,"column":0},"end":{"line":32,"column":5}},"12":{"start":{"line":22,"column":4},"end":{"line":27,"column":6}},"13":{"start":{"line":30,"column":18},"end":{"line":30,"column":85}},"14":{"start":{"line":31,"column":4},"end":{"line":31,"column":27}},"15":{"start":{"line":34,"column":0},"end":{"line":38,"column":3}},"16":{"start":{"line":35,"column":2},"end":{"line":37,"column":3}},"17":{"start":{"line":36,"column":4},"end":{"line":36,"column":32}},"18":{"start":{"line":40,"column":0},"end":{"line":40,"column":25}},"19":{"start":{"line":41,"column":0},"end":{"line":41,"column":25}},"20":{"start":{"line":43,"column":0},"end":{"line":43,"column":20}}},"fnMap":{"0":{"name":"(anonymous_0)","decl":{"start":{"line":21,"column":10},"end":{"line":21,"column":11}},"loc":{"start":{"line":21,"column":18},"end":{"line":28,"column":3}},"line":21},"1":{"name":"(anonymous_1)","decl":{"start":{"line":29,"column":11},"end":{"line":29,"column":12}},"loc":{"start":{"line":29,"column":19},"end":{"line":32,"column":3}},"line":29},"2":{"name":"(anonymous_2)","decl":{"start":{"line":34,"column":24},"end":{"line":34,"column":25}},"loc":{"start":{"line":34,"column":37},"end":{"line":38,"column":1}},"line":34}},"branchMap":{"0":{"loc":{"start":{"line":8,"column":12},"end":{"line":8,"column":49}},"type":"binary-expr","locations":[{"start":{"line":8,"column":12},"end":{"line":8,"column":32}},{"start":{"line":8,"column":36},"end":{"line":8,"column":49}}],"line":8},"1":{"loc":{"start":{"line":13,"column":0},"end":{"line":17,"column":1}},"type":"if","locations":[{"start":{"line":13,"column":0},"end":{"line":17,"column":1}},{"start":{"line":15,"column":7},"end":{"line":17,"column":1}}],"line":13},"2":{"loc":{"start":{"line":23,"column":6},"end":{"line":26,"column":37}},"type":"binary-expr","locations":[{"start":{"line":23,"column":6},"end":{"line":23,"column":29}},{"start":{"line":24,"column":6},"end":{"line":24,"column":23}},{"start":{"line":25,"column":6},"end":{"line":25,"column":30}},{"start":{"line":26,"column":6},"end":{"line":26,"column":37}}],"line":23},"3":{"loc":{"start":{"line":35,"column":2},"end":{"line":37,"column":3}},"type":"if","locations":[{"start":{"line":35,"column":2},"end":{"line":37,"column":3}},{"start":{},"end":{}}],"line":35}},"s":{"0":11,"1":11,"2":11,"3":11,"4":11,"5":11,"6":11,"7":11,"8":11,"9":0,"10":11,"11":11,"12":44,"13":33,"14":33,"15":11,"16":33,"17":33,"18":11,"19":11,"20":11},"f":{"0":44,"1":33,"2":33},"b":{"0":[11,0],"1":[0,11],"2":[44,44,33,33],"3":[33,0]},"_coverageSchema":"1a1c01bbd47fc00a2c39e90264f33305004495a9","hash":"13e06e63e420fdd80753d2f301d87dcf1b3d6415"}
,"/home/dzakii/Desktop/fsjs/fase2/week1/gc01-dzakii8/models/lodging.js": {"path":"/home/dzakii/Desktop/fsjs/fase2/week1/gc01-dzakii8/models/lodging.js","statementMap":{"0":{"start":{"line":4,"column":4},"end":{"line":4,"column":24}},"1":{"start":{"line":5,"column":0},"end":{"line":131,"column":2}},"2":{"start":{"line":14,"column":6},"end":{"line":16,"column":8}},"3":{"start":{"line":17,"column":6},"end":{"line":19,"column":8}},"4":{"start":{"line":22,"column":2},"end":{"line":129,"column":5}},"5":{"start":{"line":130,"column":2},"end":{"line":130,"column":17}}},"fnMap":{"0":{"name":"(anonymous_0)","decl":{"start":{"line":5,"column":17},"end":{"line":5,"column":18}},"loc":{"start":{"line":5,"column":43},"end":{"line":131,"column":1}},"line":5},"1":{"name":"(anonymous_1)","decl":{"start":{"line":12,"column":4},"end":{"line":12,"column":5}},"loc":{"start":{"line":12,"column":29},"end":{"line":20,"column":5}},"line":12}},"branchMap":{},"s":{"0":11,"1":11,"2":11,"3":11,"4":11,"5":11},"f":{"0":11,"1":11},"b":{},"_coverageSchema":"1a1c01bbd47fc00a2c39e90264f33305004495a9","hash":"f194cdb2d95f7d913080d69f8f87ba56f952e758"}
,"/home/dzakii/Desktop/fsjs/fase2/week1/gc01-dzakii8/models/type.js": {"path":"/home/dzakii/Desktop/fsjs/fase2/week1/gc01-dzakii8/models/type.js","statementMap":{"0":{"start":{"line":4,"column":4},"end":{"line":4,"column":24}},"1":{"start":{"line":5,"column":0},"end":{"line":37,"column":2}},"2":{"start":{"line":14,"column":6},"end":{"line":16,"column":8}},"3":{"start":{"line":19,"column":2},"end":{"line":35,"column":5}},"4":{"start":{"line":36,"column":2},"end":{"line":36,"column":14}}},"fnMap":{"0":{"name":"(anonymous_0)","decl":{"start":{"line":5,"column":17},"end":{"line":5,"column":18}},"loc":{"start":{"line":5,"column":43},"end":{"line":37,"column":1}},"line":5},"1":{"name":"(anonymous_1)","decl":{"start":{"line":12,"column":4},"end":{"line":12,"column":5}},"loc":{"start":{"line":12,"column":29},"end":{"line":17,"column":5}},"line":12}},"branchMap":{},"s":{"0":11,"1":11,"2":11,"3":11,"4":11},"f":{"0":11,"1":11},"b":{},"_coverageSchema":"1a1c01bbd47fc00a2c39e90264f33305004495a9","hash":"63bf705e77b2c06efce2dd7a9a7fdc18fb8dd439"}
,"/home/dzakii/Desktop/fsjs/fase2/week1/gc01-dzakii8/models/user.js": {"path":"/home/dzakii/Desktop/fsjs/fase2/week1/gc01-dzakii8/models/user.js","statementMap":{"0":{"start":{"line":2,"column":15},"end":{"line":2,"column":32}},"1":{"start":{"line":3,"column":11},"end":{"line":3,"column":32}},"2":{"start":{"line":6,"column":4},"end":{"line":6,"column":24}},"3":{"start":{"line":7,"column":0},"end":{"line":72,"column":2}},"4":{"start":{"line":16,"column":6},"end":{"line":18,"column":8}},"5":{"start":{"line":21,"column":2},"end":{"line":66,"column":4}},"6":{"start":{"line":67,"column":2},"end":{"line":70,"column":5}},"7":{"start":{"line":68,"column":25},"end":{"line":68,"column":61}},"8":{"start":{"line":69,"column":4},"end":{"line":69,"column":35}},"9":{"start":{"line":71,"column":2},"end":{"line":71,"column":14}}},"fnMap":{"0":{"name":"(anonymous_0)","decl":{"start":{"line":7,"column":17},"end":{"line":7,"column":18}},"loc":{"start":{"line":7,"column":43},"end":{"line":72,"column":1}},"line":7},"1":{"name":"(anonymous_1)","decl":{"start":{"line":14,"column":4},"end":{"line":14,"column":5}},"loc":{"start":{"line":14,"column":29},"end":{"line":19,"column":5}},"line":14},"2":{"name":"(anonymous_2)","decl":{"start":{"line":67,"column":20},"end":{"line":67,"column":21}},"loc":{"start":{"line":67,"column":45},"end":{"line":70,"column":3}},"line":67}},"branchMap":{},"s":{"0":11,"1":11,"2":11,"3":11,"4":11,"5":11,"6":11,"7":16,"8":16,"9":11},"f":{"0":11,"1":11,"2":16},"b":{},"_coverageSchema":"1a1c01bbd47fc00a2c39e90264f33305004495a9","hash":"35881eb6946c602fdca66a4b08ba93e832c6a5a0"}
,"/home/dzakii/Desktop/fsjs/fase2/week1/gc01-dzakii8/routers/index.js": {"path":"/home/dzakii/Desktop/fsjs/fase2/week1/gc01-dzakii8/routers/index.js","statementMap":{"0":{"start":{"line":1,"column":16},"end":{"line":1,"column":34}},"1":{"start":{"line":2,"column":13},"end":{"line":2,"column":36}},"2":{"start":{"line":3,"column":16},"end":{"line":3,"column":42}},"3":{"start":{"line":4,"column":13},"end":{"line":4,"column":36}},"4":{"start":{"line":5,"column":12},"end":{"line":5,"column":34}},"5":{"start":{"line":6,"column":16},"end":{"line":6,"column":32}},"6":{"start":{"line":8,"column":0},"end":{"line":8,"column":26}},"7":{"start":{"line":9,"column":0},"end":{"line":9,"column":23}},"8":{"start":{"line":10,"column":0},"end":{"line":10,"column":32}},"9":{"start":{"line":11,"column":0},"end":{"line":11,"column":26}},"10":{"start":{"line":13,"column":0},"end":{"line":13,"column":23}}},"fnMap":{},"branchMap":{},"s":{"0":11,"1":11,"2":11,"3":11,"4":11,"5":11,"6":11,"7":11,"8":11,"9":11,"10":11},"f":{},"b":{},"_coverageSchema":"1a1c01bbd47fc00a2c39e90264f33305004495a9","hash":"4269b47da5e6b6cbe85f9103ae9ee628a2303532"}
,"/home/dzakii/Desktop/fsjs/fase2/week1/gc01-dzakii8/routers/lodgingRouter.js": {"path":"/home/dzakii/Desktop/fsjs/fase2/week1/gc01-dzakii8/routers/lodgingRouter.js","statementMap":{"0":{"start":{"line":1,"column":16},"end":{"line":1,"column":34}},"1":{"start":{"line":2,"column":26},"end":{"line":2,"column":69}},"2":{"start":{"line":3,"column":23},"end":{"line":3,"column":65}},"3":{"start":{"line":4,"column":24},"end":{"line":4,"column":65}},"4":{"start":{"line":5,"column":17},"end":{"line":5,"column":33}},"5":{"start":{"line":7,"column":16},"end":{"line":7,"column":33}},"6":{"start":{"line":8,"column":16},"end":{"line":8,"column":38}},"7":{"start":{"line":9,"column":15},"end":{"line":9,"column":32}},"8":{"start":{"line":13,"column":0},"end":{"line":13,"column":27}},"9":{"start":{"line":14,"column":0},"end":{"line":14,"column":48}},"10":{"start":{"line":15,"column":0},"end":{"line":15,"column":52}},"11":{"start":{"line":16,"column":0},"end":{"line":16,"column":49}},"12":{"start":{"line":17,"column":0},"end":{"line":17,"column":60}},"13":{"start":{"line":18,"column":0},"end":{"line":18,"column":88}},"14":{"start":{"line":19,"column":0},"end":{"line":19,"column":66}},"15":{"start":{"line":23,"column":0},"end":{"line":23,"column":24}}},"fnMap":{},"branchMap":{},"s":{"0":11,"1":11,"2":11,"3":11,"4":11,"5":11,"6":11,"7":11,"8":11,"9":11,"10":11,"11":11,"12":11,"13":11,"14":11,"15":11},"f":{},"b":{},"_coverageSchema":"1a1c01bbd47fc00a2c39e90264f33305004495a9","hash":"bd454b2643d3b930b0139ea1c0d7d119d358c06f"}
,"/home/dzakii/Desktop/fsjs/fase2/week1/gc01-dzakii8/routers/pubRouter.js": {"path":"/home/dzakii/Desktop/fsjs/fase2/week1/gc01-dzakii8/routers/pubRouter.js","statementMap":{"0":{"start":{"line":1,"column":16},"end":{"line":1,"column":34}},"1":{"start":{"line":2,"column":26},"end":{"line":2,"column":69}},"2":{"start":{"line":3,"column":13},"end":{"line":3,"column":29}},"3":{"start":{"line":5,"column":0},"end":{"line":5,"column":48}},"4":{"start":{"line":6,"column":0},"end":{"line":6,"column":45}},"5":{"start":{"line":9,"column":0},"end":{"line":9,"column":20}}},"fnMap":{},"branchMap":{},"s":{"0":11,"1":11,"2":11,"3":11,"4":11,"5":11},"f":{},"b":{},"_coverageSchema":"1a1c01bbd47fc00a2c39e90264f33305004495a9","hash":"0cab8cb74fd2559e80d6d5513a5ae638cb6ae4ef"}
,"/home/dzakii/Desktop/fsjs/fase2/week1/gc01-dzakii8/routers/typeRouter.js": {"path":"/home/dzakii/Desktop/fsjs/fase2/week1/gc01-dzakii8/routers/typeRouter.js","statementMap":{"0":{"start":{"line":1,"column":16},"end":{"line":1,"column":34}},"1":{"start":{"line":2,"column":23},"end":{"line":2,"column":63}},"2":{"start":{"line":3,"column":23},"end":{"line":3,"column":62}},"3":{"start":{"line":4,"column":46},"end":{"line":4,"column":84}},"4":{"start":{"line":5,"column":14},"end":{"line":5,"column":30}},"5":{"start":{"line":7,"column":0},"end":{"line":7,"column":70}},"6":{"start":{"line":8,"column":0},"end":{"line":8,"column":73}},"7":{"start":{"line":9,"column":0},"end":{"line":9,"column":74}},"8":{"start":{"line":11,"column":0},"end":{"line":11,"column":21}}},"fnMap":{},"branchMap":{},"s":{"0":11,"1":11,"2":11,"3":11,"4":11,"5":11,"6":11,"7":11,"8":11},"f":{},"b":{},"_coverageSchema":"1a1c01bbd47fc00a2c39e90264f33305004495a9","hash":"732bd1b50c71e24d77095e11858b0f3bd8c373c1"}
,"/home/dzakii/Desktop/fsjs/fase2/week1/gc01-dzakii8/routers/userRouter.js": {"path":"/home/dzakii/Desktop/fsjs/fase2/week1/gc01-dzakii8/routers/userRouter.js","statementMap":{"0":{"start":{"line":1,"column":16},"end":{"line":1,"column":34}},"1":{"start":{"line":2,"column":23},"end":{"line":2,"column":63}},"2":{"start":{"line":3,"column":23},"end":{"line":3,"column":62}},"3":{"start":{"line":4,"column":29},"end":{"line":4,"column":67}},"4":{"start":{"line":5,"column":14},"end":{"line":5,"column":30}},"5":{"start":{"line":7,"column":0},"end":{"line":7,"column":81}},"6":{"start":{"line":8,"column":0},"end":{"line":8,"column":41}},"7":{"start":{"line":10,"column":0},"end":{"line":10,"column":21}}},"fnMap":{},"branchMap":{},"s":{"0":11,"1":11,"2":11,"3":11,"4":11,"5":11,"6":11,"7":11},"f":{},"b":{},"_coverageSchema":"1a1c01bbd47fc00a2c39e90264f33305004495a9","hash":"1139c176af63790f5d5cb25ca1e8d380ff632967"}
}
