TN:
SF:app.js
FNF:0
FNH:0
DA:1,11
DA:2,11
DA:4,11
DA:5,11
DA:6,11
DA:7,11
DA:11,11
DA:12,11
DA:14,11
DA:16,11
DA:19,11
LF:11
LH:11
BRDA:1,0,0,11
BRDA:1,0,1,0
BRF:2
BRH:1
end_of_record
TN:
SF:bcrypt.js
FN:5,hashPassword
FN:8,comparePassword
FNF:2
FNH:1
FNDA:0,hashPassword
FNDA:2,comparePassword
DA:1,11
DA:2,11
DA:3,11
DA:6,0
DA:9,2
DA:12,11
LF:6
LH:5
BRF:0
BRH:0
end_of_record
TN:
SF:errorHandler.js
FN:1,errorHandler
FNF:1
FNH:1
FNDA:38,errorHandler
DA:1,11
DA:2,38
DA:3,38
DA:6,38
DA:9,9
DA:10,9
DA:11,9
DA:14,16
DA:15,16
DA:16,16
DA:18,6
DA:19,6
DA:20,6
DA:22,3
DA:23,3
DA:24,3
DA:27,4
DA:30,38
LF:18
LH:18
BRDA:2,0,0,38
BRDA:2,0,1,34
BRDA:3,1,0,38
BRDA:3,1,1,18
BRDA:6,2,0,8
BRDA:6,2,1,9
BRDA:6,2,2,7
BRDA:6,2,3,16
BRDA:6,2,4,6
BRDA:6,2,5,3
BRDA:6,2,6,4
BRF:11
BRH:11
end_of_record
TN:
SF:jwt.js
FN:3,signToken
FN:7,verifyToken
FNF:2
FNH:2
FNDA:15,signToken
FNDA:33,verifyToken
DA:1,11
DA:4,15
DA:8,33
DA:11,11
LF:4
LH:4
BRF:0
BRH:0
end_of_record
TN:
SF:controllers/lodgingController.js
FN:14,(anonymous_0)
FN:27,(anonymous_1)
FN:47,(anonymous_2)
FN:109,(anonymous_3)
FN:123,(anonymous_4)
FN:143,(anonymous_5)
FN:167,(anonymous_6)
FNF:7
FNH:6
FNDA:2,(anonymous_0)
FNDA:4,(anonymous_1)
FNDA:1,(anonymous_2)
FNDA:2,(anonymous_3)
FNDA:4,(anonymous_4)
FNDA:0,(anonymous_5)
FNDA:1,(anonymous_6)
DA:1,11
DA:2,11
DA:3,11
DA:6,11
DA:13,11
DA:15,2
DA:16,2
DA:17,2
DA:19,2
DA:20,1
DA:24,1
DA:28,4
DA:29,4
DA:34,4
DA:35,0
DA:38,4
DA:39,0
DA:46,4
DA:47,1
DA:50,1
DA:51,1
DA:55,0
DA:63,4
DA:65,0
DA:66,0
DA:68,0
DA:70,0
DA:74,4
DA:75,1
DA:76,1
DA:77,1
DA:80,1
DA:81,1
DA:82,1
DA:85,3
DA:86,3
DA:87,3
DA:88,3
DA:91,4
DA:99,4
DA:100,4
DA:101,4
DA:102,0
DA:104,4
DA:106,0
DA:110,2
DA:111,2
DA:112,2
DA:113,2
DA:114,0
DA:116,2
DA:120,0
DA:124,4
DA:125,4
DA:126,4
DA:127,4
DA:128,4
DA:131,2
DA:132,0
DA:134,2
DA:136,2
DA:140,2
DA:144,0
DA:145,0
DA:146,0
DA:147,0
DA:149,0
DA:151,0
DA:155,0
DA:159,0
DA:160,0
DA:164,0
DA:168,1
DA:169,1
DA:171,1
DA:173,1
DA:176,1
DA:177,0
DA:179,1
DA:185,0
LF:80
LH:56
BRDA:34,0,0,0
BRDA:34,0,1,4
BRDA:34,1,0,4
BRDA:34,1,1,4
BRDA:34,1,2,0
BRDA:38,2,0,0
BRDA:38,2,1,4
BRDA:38,3,0,4
BRDA:38,3,1,4
BRDA:38,3,2,0
BRDA:46,4,0,1
BRDA:46,4,1,3
BRDA:46,5,0,4
BRDA:46,5,1,4
BRDA:50,6,0,1
BRDA:50,6,1,0
BRDA:63,7,0,0
BRDA:63,7,1,4
BRDA:63,8,0,4
BRDA:63,8,1,4
BRDA:65,9,0,0
BRDA:65,9,1,0
BRDA:74,10,0,1
BRDA:74,10,1,3
BRDA:74,11,0,4
BRDA:74,11,1,4
BRDA:75,12,0,1
BRDA:75,12,1,0
BRDA:75,13,0,1
BRDA:75,13,1,1
BRDA:80,14,0,1
BRDA:80,14,1,0
BRDA:80,15,0,1
BRDA:80,15,1,1
BRDA:101,16,0,0
BRDA:101,16,1,4
BRDA:113,17,0,0
BRDA:113,17,1,2
BRDA:131,18,0,0
BRDA:131,18,1,2
BRDA:145,19,0,0
BRDA:145,19,1,0
BRDA:176,20,0,0
BRDA:176,20,1,1
BRF:44
BRH:28
end_of_record
TN:
SF:controllers/typeController.js
FN:4,(anonymous_0)
FN:15,(anonymous_1)
FN:25,(anonymous_2)
FNF:3
FNH:1
FNDA:1,(anonymous_0)
FNDA:0,(anonymous_1)
FNDA:0,(anonymous_2)
DA:1,11
DA:3,11
DA:5,1
DA:6,1
DA:8,1
DA:12,0
DA:16,0
DA:17,0
DA:18,0
DA:22,0
DA:26,0
DA:27,0
DA:28,0
DA:31,0
DA:32,0
DA:34,0
DA:36,0
DA:40,0
LF:18
LH:5
BRDA:31,0,0,0
BRDA:31,0,1,0
BRF:2
BRH:0
end_of_record
TN:
SF:controllers/userController.js
FN:7,(anonymous_0)
FN:18,(anonymous_1)
FNF:2
FNH:2
FNDA:7,(anonymous_0)
FNDA:5,(anonymous_1)
DA:1,11
DA:2,11
DA:3,11
DA:5,11
DA:8,7
DA:9,7
DA:10,1
DA:14,6
DA:19,5
DA:20,5
DA:21,5
DA:22,2
DA:28,3
DA:34,3
DA:35,1
DA:42,2
DA:43,2
DA:44,1
DA:50,1
DA:51,1
DA:55,4
LF:21
LH:21
BRDA:21,0,0,2
BRDA:21,0,1,3
BRDA:21,1,0,5
BRDA:21,1,1,4
BRDA:34,2,0,1
BRDA:34,2,1,2
BRDA:43,3,0,1
BRDA:43,3,1,1
BRF:8
BRH:8
end_of_record
TN:
SF:midlewares/authentication.js
FN:4,authentication
FNF:1
FNH:1
FNDA:42,authentication
DA:1,11
DA:2,11
DA:5,42
DA:6,42
DA:8,42
DA:9,8
DA:11,34
DA:12,1
DA:14,33
DA:15,33
DA:16,26
DA:17,0
DA:20,26
DA:21,26
DA:22,0
DA:24,26
DA:28,26
DA:31,16
DA:34,11
LF:19
LH:17
BRDA:8,0,0,8
BRDA:8,0,1,34
BRDA:11,1,0,1
BRDA:11,1,1,33
BRDA:16,2,0,0
BRDA:16,2,1,26
BRDA:21,3,0,0
BRDA:21,3,1,26
BRF:8
BRH:6
end_of_record
TN:
SF:midlewares/authorization.js
FN:4,authorization
FN:24,authorizationRegis
FNF:2
FNH:2
FNDA:14,authorization
FNDA:8,authorizationRegis
DA:1,11
DA:2,11
DA:5,14
DA:7,14
DA:8,14
DA:9,6
DA:11,8
DA:12,5
DA:14,3
DA:15,3
DA:16,3
DA:18,0
DA:21,9
DA:25,8
DA:26,8
DA:27,8
DA:29,0
DA:32,0
DA:35,11
LF:19
LH:16
BRDA:8,0,0,6
BRDA:8,0,1,8
BRDA:11,1,0,5
BRDA:11,1,1,3
BRDA:15,2,0,3
BRDA:15,2,1,0
BRDA:26,3,0,8
BRDA:26,3,1,0
BRF:8
BRH:6
end_of_record
TN:
SF:models/index.js
FN:21,(anonymous_0)
FN:29,(anonymous_1)
FN:34,(anonymous_2)
FNF:3
FNH:3
FNDA:44,(anonymous_0)
FNDA:33,(anonymous_1)
FNDA:33,(anonymous_2)
DA:3,11
DA:4,11
DA:5,11
DA:6,11
DA:7,11
DA:8,11
DA:9,11
DA:10,11
DA:13,11
DA:14,0
DA:16,11
DA:19,11
DA:22,44
DA:30,33
DA:31,33
DA:34,11
DA:35,33
DA:36,33
DA:40,11
DA:41,11
DA:43,11
LF:21
LH:20
BRDA:8,0,0,11
BRDA:8,0,1,0
BRDA:13,1,0,0
BRDA:13,1,1,11
BRDA:23,2,0,44
BRDA:23,2,1,44
BRDA:23,2,2,33
BRDA:23,2,3,33
BRDA:35,3,0,33
BRDA:35,3,1,0
BRF:10
BRH:7
end_of_record
TN:
SF:models/lodging.js
FN:5,(anonymous_0)
FN:12,(anonymous_1)
FNF:2
FNH:2
FNDA:11,(anonymous_0)
FNDA:11,(anonymous_1)
DA:4,11
DA:5,11
DA:14,11
DA:17,11
DA:22,11
DA:130,11
LF:6
LH:6
BRF:0
BRH:0
end_of_record
TN:
SF:models/type.js
FN:5,(anonymous_0)
FN:12,(anonymous_1)
FNF:2
FNH:2
FNDA:11,(anonymous_0)
FNDA:11,(anonymous_1)
DA:4,11
DA:5,11
DA:14,11
DA:19,11
DA:36,11
LF:5
LH:5
BRF:0
BRH:0
end_of_record
TN:
SF:models/user.js
FN:7,(anonymous_0)
FN:14,(anonymous_1)
FN:67,(anonymous_2)
FNF:3
FNH:3
FNDA:11,(anonymous_0)
FNDA:11,(anonymous_1)
FNDA:16,(anonymous_2)
DA:2,11
DA:3,11
DA:6,11
DA:7,11
DA:16,11
DA:21,11
DA:67,11
DA:68,16
DA:69,16
DA:71,11
LF:10
LH:10
BRF:0
BRH:0
end_of_record
TN:
SF:routers/index.js
FNF:0
FNH:0
DA:1,11
DA:2,11
DA:3,11
DA:4,11
DA:5,11
DA:6,11
DA:8,11
DA:9,11
DA:10,11
DA:11,11
DA:13,11
LF:11
LH:11
BRF:0
BRH:0
end_of_record
TN:
SF:routers/lodgingRouter.js
FNF:0
FNH:0
DA:1,11
DA:2,11
DA:3,11
DA:4,11
DA:5,11
DA:7,11
DA:8,11
DA:9,11
DA:13,11
DA:14,11
DA:15,11
DA:16,11
DA:17,11
DA:18,11
DA:19,11
DA:23,11
LF:16
LH:16
BRF:0
BRH:0
end_of_record
TN:
SF:routers/pubRouter.js
FNF:0
FNH:0
DA:1,11
DA:2,11
DA:3,11
DA:5,11
DA:6,11
DA:9,11
LF:6
LH:6
BRF:0
BRH:0
end_of_record
TN:
SF:routers/typeRouter.js
FNF:0
FNH:0
DA:1,11
DA:2,11
DA:3,11
DA:4,11
DA:5,11
DA:7,11
DA:8,11
DA:9,11
DA:11,11
LF:9
LH:9
BRF:0
BRH:0
end_of_record
TN:
SF:routers/userRouter.js
FNF:0
FNH:0
DA:1,11
DA:2,11
DA:3,11
DA:4,11
DA:5,11
DA:7,11
DA:8,11
DA:10,11
LF:8
LH:8
BRF:0
BRH:0
end_of_record
